{"level":"EMERGENCY","message":"System is unusable!","timestamp":"2025-09-18 09:34:06"}
{"level":"ALERT","message":"Action must be taken immediately!","timestamp":"2025-09-18 09:34:06"}
{"level":"CRITICAL","message":"Critical conditions!","timestamp":"2025-09-18 09:34:06"}
{"level":"ERROR","message":"Error conditions!","timestamp":"2025-09-18 09:34:06"}
{"level":"WARNING","message":"Warning conditions!","timestamp":"2025-09-18 09:34:06"}
{"level":"NOTICE","message":"Normal but significant conditions!","timestamp":"2025-09-18 09:34:06"}
{"level":"INFO","message":"Informational messages!","timestamp":"2025-09-18 09:34:06"}
{"context":{"action":"login_attempt","ip_address":"192.168.1.100","timestamp":"2024-01-15 10:30:00","user_id":"123","username":"john_doe"},"level":"INFO","message":"User login successful","timestamp":"2025-09-18 09:34:06"}
{"context":{"error_code":404,"method":"GET","requested_path":"/api/nonexistent"},"level":"ERROR","message":"Resource not found","timestamp":"2025-09-18 09:34:06"}
{"context":{"ip":"Unknown","method":"POST","uri":"/api/countries","user_agent":"curl/8.5.0","version":"HTTP/1.1"},"level":"INFO","message":"Incoming request","timestamp":"2025-09-18 14:36:32"}
{"context":{"duration_ms":10.133837,"method":"POST","status":201,"uri":"/api/countries"},"level":"INFO","message":"Request completed: POST /api/countries - 201 Created in 10.13ms","timestamp":"2025-09-18 14:36:32"}
{"context":{"ip":"Unknown","method":"GET","uri":"/api/countries","user_agent":"curl/8.5.0","version":"HTTP/1.1"},"level":"INFO","message":"Incoming request","timestamp":"2025-09-18 14:36:37"}
{"context":{"duration_ms":75.97484899999999,"method":"GET","status":500,"uri":"/api/countries"},"level":"ERROR","message":"Request completed: GET /api/countries - 500 Internal Server Error in 75.97ms","timestamp":"2025-09-18 14:36:38"}
{"context":{"ip":"Unknown","method":"GET","uri":"/api/countries","user_agent":"curl/8.5.0","version":"HTTP/1.1"},"level":"INFO","message":"Incoming request","timestamp":"2025-09-18 14:38:07"}
{"context":{"duration_ms":9.314556,"method":"GET","status":200,"uri":"/api/countries"},"level":"INFO","message":"Request completed: GET /api/countries - 200 OK in 9.31ms","timestamp":"2025-09-18 14:38:07"}
{"context":{"ip":"Unknown","method":"POST","uri":"/api/provinces","user_agent":"curl/8.5.0","version":"HTTP/1.1"},"level":"INFO","message":"Incoming request","timestamp":"2025-09-18 14:38:13"}
{"context":{"duration_ms":10.131035,"method":"POST","status":201,"uri":"/api/provinces"},"level":"INFO","message":"Request completed: POST /api/provinces - 201 Created in 10.13ms","timestamp":"2025-09-18 14:38:13"}
{"context":{"ip":"Unknown","method":"POST","uri":"/api/cities","user_agent":"curl/8.5.0","version":"HTTP/1.1"},"level":"INFO","message":"Incoming request","timestamp":"2025-09-18 14:38:32"}
{"context":{"duration_ms":9.042257,"method":"POST","status":201,"uri":"/api/cities"},"level":"INFO","message":"Request completed: POST /api/cities - 201 Created in 9.04ms","timestamp":"2025-09-18 14:38:32"}
{"context":{"ip":"Unknown","method":"GET","uri":"/api/countries/01K5EM2V46JN7FQQRRY9TFGS2T/provinces","user_agent":"curl/8.5.0","version":"HTTP/1.1"},"level":"INFO","message":"Incoming request","timestamp":"2025-09-18 14:38:41"}
{"context":{"duration_ms":3.9249059999999996,"method":"GET","status":200,"uri":"/api/countries/01K5EM2V46JN7FQQRRY9TFGS2T/provinces"},"level":"INFO","message":"Request completed: GET /api/countries/01K5EM2V46JN7FQQRRY9TFGS2T/provinces - 200 OK in 3.92ms","timestamp":"2025-09-18 14:38:41"}
{"context":{"ip":"Unknown","method":"GET","uri":"/api/provinces/01K5EM5X6PW8MK8CD2ZFWD6VQ5/cities","user_agent":"curl/8.5.0","version":"HTTP/1.1"},"level":"INFO","message":"Incoming request","timestamp":"2025-09-18 14:38:46"}
{"context":{"duration_ms":3.8745089999999998,"method":"GET","status":200,"uri":"/api/provinces/01K5EM5X6PW8MK8CD2ZFWD6VQ5/cities"},"level":"INFO","message":"Request completed: GET /api/provinces/01K5EM5X6PW8MK8CD2ZFWD6VQ5/cities - 200 OK in 3.87ms","timestamp":"2025-09-18 14:38:46"}
{"context":{"ip":"Unknown","method":"GET","uri":"/api/countries/01K5EM2V46JN7FQQRRY9TFGS2T/provinces","user_agent":"Mozilla/5.0 (X11; Linux x86_64) AppleWebKit/537.36 (KHTML, like Gecko) Chrome/140.0.0.0 Safari/537.36","version":"HTTP/1.1"},"level":"INFO","message":"Incoming request","timestamp":"2025-09-18 14:38:49"}
{"context":{"duration_ms":2.281114,"method":"GET","status":200,"uri":"/api/countries/01K5EM2V46JN7FQQRRY9TFGS2T/provinces"},"level":"INFO","message":"Request completed: GET /api/countries/01K5EM2V46JN7FQQRRY9TFGS2T/provinces - 200 OK in 2.28ms","timestamp":"2025-09-18 14:38:49"}
{"context":{"ip":"Unknown","method":"GET","uri":"/favicon.ico","user_agent":"Mozilla/5.0 (X11; Linux x86_64) AppleWebKit/537.36 (KHTML, like Gecko) Chrome/140.0.0.0 Safari/537.36","version":"HTTP/1.1"},"level":"INFO","message":"Incoming request","timestamp":"2025-09-18 14:38:50"}
{"context":{"duration_ms":0.5051800000000001,"method":"GET","status":404,"uri":"/favicon.ico"},"level":"WARNING","message":"Request completed: GET /favicon.ico - 404 Not Found in 0.51ms","timestamp":"2025-09-18 14:38:50"}
{"context":{"ip":"Unknown","method":"GET","uri":"/api/cities/nearby?lat=34.0522&lng=-118.2437&radius=50","user_agent":"curl/8.5.0","version":"HTTP/1.1"},"level":"INFO","message":"Incoming request","timestamp":"2025-09-18 14:38:52"}
{"context":{"duration_ms":9.046811,"method":"GET","status":200,"uri":"/api/cities/nearby?lat=34.0522&lng=-118.2437&radius=50"},"level":"INFO","message":"Request completed: GET /api/cities/nearby?lat=34.0522&lng=-118.2437&radius=50 - 200 OK in 9.05ms","timestamp":"2025-09-18 14:38:52"}
{"context":{"ip":"Unknown","method":"PUT","uri":"/api/countries/01K5EM2V46JN7FQQRRY9TFGS2T","user_agent":"curl/8.5.0","version":"HTTP/1.1"},"level":"INFO","message":"Incoming request","timestamp":"2025-09-18 14:38:58"}
{"context":{"duration_ms":6.869682,"method":"PUT","status":200,"uri":"/api/countries/01K5EM2V46JN7FQQRRY9TFGS2T"},"level":"INFO","message":"Request completed: PUT /api/countries/01K5EM2V46JN7FQQRRY9TFGS2T - 200 OK in 6.87ms","timestamp":"2025-09-18 14:38:58"}
{"context":{"ip":"Unknown","method":"GET","uri":"/api/countries/","user_agent":"Mozilla/5.0 (X11; Linux x86_64) AppleWebKit/537.36 (KHTML, like Gecko) Chrome/140.0.0.0 Safari/537.36","version":"HTTP/1.1"},"level":"INFO","message":"Incoming request","timestamp":"2025-09-18 14:38:59"}
{"context":{"duration_ms":0.647686,"method":"GET","status":404,"uri":"/api/countries/"},"level":"WARNING","message":"Request completed: GET /api/countries/ - 404 Not Found in 0.65ms","timestamp":"2025-09-18 14:38:59"}
{"context":{"ip":"Unknown","method":"GET","uri":"/api/countries/01K5EM2V46JN7FQQRRY9TFGS2T","user_agent":"curl/8.5.0","version":"HTTP/1.1"},"level":"INFO","message":"Incoming request","timestamp":"2025-09-18 14:39:03"}
{"context":{"duration_ms":2.331778,"method":"GET","status":200,"uri":"/api/countries/01K5EM2V46JN7FQQRRY9TFGS2T"},"level":"INFO","message":"Request completed: GET /api/countries/01K5EM2V46JN7FQQRRY9TFGS2T - 200 OK in 2.33ms","timestamp":"2025-09-18 14:39:03"}
{"context":{"ip":"Unknown","method":"GET","uri":"/api/country","user_agent":"Mozilla/5.0 (X11; Linux x86_64) AppleWebKit/537.36 (KHTML, like Gecko) Chrome/140.0.0.0 Safari/537.36","version":"HTTP/1.1"},"level":"INFO","message":"Incoming request","timestamp":"2025-09-18 14:39:04"}
{"context":{"duration_ms":0.436591,"method":"GET","status":404,"uri":"/api/country"},"level":"WARNING","message":"Request completed: GET /api/country - 404 Not Found in 0.44ms","timestamp":"2025-09-18 14:39:04"}
{"context":{"ip":"Unknown","method":"GET","uri":"/api/web-push/status","user_agent":"curl/8.5.0","version":"HTTP/1.1"},"level":"INFO","message":"Incoming request","timestamp":"2025-09-22 08:33:50"}
{"context":{"duration_ms":2.713674,"method":"GET","status":200,"uri":"/api/web-push/status"},"level":"INFO","message":"Request completed: GET /api/web-push/status - 200 OK in 2.71ms","timestamp":"2025-09-22 08:33:50"}
{"context":{"ip":"Unknown","method":"GET","uri":"/api/web-push/vapid-public-key","user_agent":"curl/8.5.0","version":"HTTP/1.1"},"level":"INFO","message":"Incoming request","timestamp":"2025-09-22 08:33:55"}
{"context":{"duration_ms":1.362425,"method":"GET","status":500,"uri":"/api/web-push/vapid-public-key"},"level":"ERROR","message":"Request completed: GET /api/web-push/vapid-public-key - 500 Internal Server Error in 1.36ms","timestamp":"2025-09-22 08:33:55"}
{"context":{"ip":"Unknown","method":"GET","uri":"/web-push-demo","user_agent":"curl/8.5.0","version":"HTTP/1.1"},"level":"INFO","message":"Incoming request","timestamp":"2025-09-22 08:34:00"}
{"context":{"duration_ms":0.61963,"method":"GET","status":200,"uri":"/web-push-demo"},"level":"INFO","message":"Request completed: GET /web-push-demo - 200 OK in 0.62ms","timestamp":"2025-09-22 08:34:00"}
